{"level":"info","message":"Escaneando feeds RSS directos para el candidato: Roberto Sánchez","service":"worker-pipeline","timestamp":"2026-06-17 12:25:56"}
{"level":"info","message":"Consultando feed RSS: https://rpp.pe/rss","service":"worker-pipeline","timestamp":"2026-06-17 12:25:56"}
{"level":"info","message":"[Feed RSS] Coincidencia encontrada: Walter Ayala interpone recurso de amparo para excluir el voto de peruanos en el extranjero: \"Se ha roto la cadena de custodia\"","service":"worker-pipeline","timestamp":"2026-06-17 12:25:58"}
{"level":"info","message":"Consultando feed RSS: https://larepublica.pe/rss/politica.xml","service":"worker-pipeline","timestamp":"2026-06-17 12:25:58"}
{"level":"info","message":"[Feed RSS] Coincidencia encontrada: ONPE resultados segunda vuelta 2026 EN VIVO: resultados actualizados y quién va ganando las elecciones","service":"worker-pipeline","timestamp":"2026-06-17 12:26:02"}
{"level":"info","message":"[Feed RSS] Coincidencia encontrada: Juntos por el Perú convoca a marcha nacional \"en defensa del voto\" para este 19 de junio","service":"worker-pipeline","timestamp":"2026-06-17 12:26:02"}
{"level":"info","message":"[Feed RSS] Coincidencia encontrada: Resultados ONPE EN VIVO HOY: sigue el conteo oficial y conoce quién gana la segunda vuelta de las Elecciones Perú 2026","service":"worker-pipeline","timestamp":"2026-06-17 12:26:02"}
{"level":"info","message":"[Feed RSS] Coincidencia encontrada: Resultados oficiales ONPE EN VIVO: conteo de votos de la segunda vuelta de Elecciones Perú 2026","service":"worker-pipeline","timestamp":"2026-06-17 12:26:02"}
{"level":"info","message":"[Feed RSS] Coincidencia encontrada: Roberto Sánchez exige transparencia electoral tras recorrido en provincias altas del Cusco","service":"worker-pipeline","timestamp":"2026-06-17 12:26:02"}
{"level":"info","message":"Consultando feed RSS: https://peru21.pe/rss/politica/","service":"worker-pipeline","timestamp":"2026-06-17 12:26:02"}
{"level":"info","message":"[Feed RSS] Coincidencia encontrada: ONPE al 99.152%: más de 36 mil votos separan a Keiko Fujimori de Roberto Sánchez","service":"worker-pipeline","timestamp":"2026-06-17 12:26:05"}
{"level":"info","message":"[Feed RSS] Coincidencia encontrada: ONPE aclara: Marco legal para el voto de peruanos en el exterior no fue modificado","service":"worker-pipeline","timestamp":"2026-06-17 12:26:05"}
{"level":"info","message":"[Feed RSS] Coincidencia encontrada: JEE concede apelación a JPP por pedido de nulidad contra 1,751 mesas en Perú","service":"worker-pipeline","timestamp":"2026-06-17 12:26:05"}
{"level":"info","message":"[Feed RSS] Coincidencia encontrada: JPP se pone al margen de la ley","service":"worker-pipeline","timestamp":"2026-06-17 12:26:05"}
{"level":"info","message":"[Feed RSS] Coincidencia encontrada: Los votos que perdió Roberto Sánchez y que Keiko Fujimori captó","service":"worker-pipeline","timestamp":"2026-06-17 12:26:05"}
{"level":"info","message":"Consultando feed RSS: https://elcomercio.pe/arc/outboundfeeds/rss/category/politica/?outputType=xml","service":"worker-pipeline","timestamp":"2026-06-17 12:26:05"}
{"level":"info","message":"[Feed RSS] Coincidencia encontrada: Cuál es la cantidad de votos que separa a Keiko Fujimori y Roberto Sánchez, según resultados oficiales de la ONPE","service":"worker-pipeline","timestamp":"2026-06-17 12:26:08"}
{"level":"info","message":"[Feed RSS] Coincidencia encontrada: Elecciones Perú 2026: Resultados ONPE al 99.173% de la segunda vuelta entre Keiko Fujimori y Roberto Sánchez en vivo y conteo oficial de votos","service":"worker-pipeline","timestamp":"2026-06-17 12:26:08"}
{"level":"info","message":"[Feed RSS] Coincidencia encontrada: Resultados ONPE al 99.158%: Keiko Fujimori afianza ventaja sobre Roberto Sánchez en conteo oficial","service":"worker-pipeline","timestamp":"2026-06-17 12:26:08"}
{"level":"info","message":"[Feed RSS] Coincidencia encontrada: Elecciones 2026: el avance de Juntos por el Perú en los principales distritos productores de oro y cobre","service":"worker-pipeline","timestamp":"2026-06-17 12:26:08"}
{"level":"info","message":"[Feed RSS] Coincidencia encontrada: El sur del Perú: un sólido bloque regional que vota contra Keiko Fujimori desde hace 15 años","service":"worker-pipeline","timestamp":"2026-06-17 12:26:08"}
{"level":"info","message":"[Feed RSS] Coincidencia encontrada: Keiko Fujimori vs. Roberto Sánchez: la historia de las segundas vueltas en el Perú marcadas por la polarización y el voto dividido","service":"worker-pipeline","timestamp":"2026-06-17 12:26:08"}
{"level":"info","message":"[Feed RSS] Coincidencia encontrada: Elecciones 2026: consulta qué dijeron Keiko Fujimori y Roberto Sánchez sobre los temas que más dividen al país","service":"worker-pipeline","timestamp":"2026-06-17 12:26:08"}
{"level":"info","message":"[Feed RSS] Coincidencia encontrada: Las rutas de Keiko Fujimori y Roberto Sánchez: diez gráficos interactivos sobre las regiones y distritos que recorrieron","service":"worker-pipeline","timestamp":"2026-06-17 12:26:08"}
{"level":"info","message":"[Feed RSS] Coincidencia encontrada: Alfonso López Chau: “El fracaso vino porque nos unimos muy tarde”","service":"worker-pipeline","timestamp":"2026-06-17 12:26:08"}
{"level":"info","message":"[Feed RSS] Coincidencia encontrada: JEE declara improcedentes pedidos de Juntos por el Perú que buscaban anular 468 mesas del extranjero","service":"worker-pipeline","timestamp":"2026-06-17 12:26:08"}
{"level":"info","message":"[Feed RSS] Coincidencia encontrada: Enrique Valderrama sobre Sánchez: “Hizo sus proyecciones y ahora (…) comienza a tener estos discursos muy peligrosos, antidemocráticos”","service":"worker-pipeline","timestamp":"2026-06-17 12:26:08"}
{"level":"info","message":"[Feed RSS] Coincidencia encontrada: Walter Ayala, aliado de Roberto Sánchez, presenta una demanda de amparo contra resolución de la ONPE","service":"worker-pipeline","timestamp":"2026-06-17 12:26:08"}
{"level":"info","message":"[Feed RSS] Coincidencia encontrada: Resultados ONPE al 98.627%: Keiko Fujimori y Roberto Sánchez disputan voto a voto la Presidencia del Perú","service":"worker-pipeline","timestamp":"2026-06-17 12:26:08"}
{"level":"info","message":"Consultando feed RSS: https://feeds.bbci.co.uk/news/world/latin_america/rss.xml","service":"worker-pipeline","timestamp":"2026-06-17 12:26:08"}
{"level":"info","message":"Consultando feed RSS: https://www.politico.com/rss/politicopicks.xml","service":"worker-pipeline","timestamp":"2026-06-17 12:26:09"}
{"level":"error","message":"Error procesando feed RSS https://www.politico.com/rss/politicopicks.xml: Request failed with status code 403","service":"worker-pipeline","timestamp":"2026-06-17 12:26:11"}
{"level":"info","message":"Consultando feed RSS: https://www.nytimes.com/svc/collections/v1/publish/https://www.nytimes.com/section/politics/rss.xml","service":"worker-pipeline","timestamp":"2026-06-17 12:26:11"}
{"level":"info","message":"Consultando feed RSS: https://lannews.opennemas.com/rss/politica/","service":"worker-pipeline","timestamp":"2026-06-17 12:26:13"}
{"level":"info","message":"Consultando feed RSS: https://latinamericareports.com/feed/","service":"worker-pipeline","timestamp":"2026-06-17 12:26:15"}
{"level":"info","message":"[Feed RSS] Coincidencia encontrada: Peru’s presidential race remains too close to call as vote count inches forward","service":"worker-pipeline","timestamp":"2026-06-17 12:26:17"}
{"level":"info","message":"[Feed RSS] Coincidencia encontrada: Perú’s Roberto Sánchez carries Pedro Castillo’s sombrero and his political movement","service":"worker-pipeline","timestamp":"2026-06-17 12:26:17"}
{"level":"info","message":"Consultando feed RSS: https://news.un.org/feed/subscribe/es/news/region/americas/feed/rss.xml","service":"worker-pipeline","timestamp":"2026-06-17 12:26:17"}
{"level":"info","message":"Se encontraron 26 noticias recientes en los Feeds RSS directos para Roberto Sánchez","service":"worker-pipeline","timestamp":"2026-06-17 12:26:20"}
{"level":"info","message":"Escaneando feeds RSS directos para el candidato: Roberto Sánchez","service":"worker-pipeline","timestamp":"2026-06-17 12:37:21"}
{"level":"info","message":"Consultando feed RSS: https://rpp.pe/rss","service":"worker-pipeline","timestamp":"2026-06-17 12:37:21"}
{"level":"info","message":"[Feed RSS] Coincidencia encontrada: Walter Ayala interpone recurso de amparo para excluir el voto de peruanos en el extranjero: \"Se ha roto la cadena de custodia\"","service":"worker-pipeline","timestamp":"2026-06-17 12:37:23"}
{"level":"info","message":"Consultando feed RSS: https://larepublica.pe/rss/politica.xml","service":"worker-pipeline","timestamp":"2026-06-17 12:37:23"}
{"level":"info","message":"[Feed RSS] Coincidencia encontrada: ONPE resultados segunda vuelta 2026 EN VIVO: resultados actualizados y quién va ganando las elecciones","service":"worker-pipeline","timestamp":"2026-06-17 12:37:27"}
{"level":"info","message":"[Feed RSS] Coincidencia encontrada: Juntos por el Perú convoca a marcha nacional \"en defensa del voto\" para este 19 de junio","service":"worker-pipeline","timestamp":"2026-06-17 12:37:27"}
{"level":"info","message":"[Feed RSS] Coincidencia encontrada: Resultados ONPE EN VIVO HOY: sigue el conteo oficial y conoce quién gana la segunda vuelta de las Elecciones Perú 2026","service":"worker-pipeline","timestamp":"2026-06-17 12:37:27"}
{"level":"info","message":"[Feed RSS] Coincidencia encontrada: Resultados oficiales ONPE EN VIVO: conteo de votos de la segunda vuelta de Elecciones Perú 2026","service":"worker-pipeline","timestamp":"2026-06-17 12:37:27"}
{"level":"info","message":"[Feed RSS] Coincidencia encontrada: Roberto Sánchez exige transparencia electoral tras recorrido en provincias altas del Cusco","service":"worker-pipeline","timestamp":"2026-06-17 12:37:27"}
{"level":"info","message":"Consultando feed RSS: https://peru21.pe/rss/politica/","service":"worker-pipeline","timestamp":"2026-06-17 12:37:27"}
{"level":"info","message":"[Feed RSS] Coincidencia encontrada: ONPE al 99.152%: más de 36 mil votos separan a Keiko Fujimori de Roberto Sánchez","service":"worker-pipeline","timestamp":"2026-06-17 12:37:28"}
{"level":"info","message":"[Feed RSS] Coincidencia encontrada: ONPE aclara: Marco legal para el voto de peruanos en el exterior no fue modificado","service":"worker-pipeline","timestamp":"2026-06-17 12:37:28"}
{"level":"info","message":"[Feed RSS] Coincidencia encontrada: JEE concede apelación a JPP por pedido de nulidad contra 1,751 mesas en Perú","service":"worker-pipeline","timestamp":"2026-06-17 12:37:28"}
{"level":"info","message":"[Feed RSS] Coincidencia encontrada: JPP se pone al margen de la ley","service":"worker-pipeline","timestamp":"2026-06-17 12:37:28"}
{"level":"info","message":"[Feed RSS] Coincidencia encontrada: Los votos que perdió Roberto Sánchez y que Keiko Fujimori captó","service":"worker-pipeline","timestamp":"2026-06-17 12:37:28"}
{"level":"info","message":"Consultando feed RSS: https://elcomercio.pe/arc/outboundfeeds/rss/category/politica/?outputType=xml","service":"worker-pipeline","timestamp":"2026-06-17 12:37:28"}
{"level":"info","message":"[Feed RSS] Coincidencia encontrada: Cuál es la cantidad de votos que separa a Keiko Fujimori y Roberto Sánchez, según resultados oficiales de la ONPE","service":"worker-pipeline","timestamp":"2026-06-17 12:37:30"}
{"level":"info","message":"[Feed RSS] Coincidencia encontrada: Elecciones Perú 2026: Resultados ONPE al 99.178% de la segunda vuelta entre Keiko Fujimori y Roberto Sánchez en vivo y conteo oficial de votos","service":"worker-pipeline","timestamp":"2026-06-17 12:37:30"}
{"level":"info","message":"[Feed RSS] Coincidencia encontrada: Resultados ONPE al 99.158%: Keiko Fujimori afianza ventaja sobre Roberto Sánchez en conteo oficial","service":"worker-pipeline","timestamp":"2026-06-17 12:37:30"}
{"level":"info","message":"[Feed RSS] Coincidencia encontrada: El sur del Perú: un sólido bloque regional que vota contra Keiko Fujimori desde hace 15 años","service":"worker-pipeline","timestamp":"2026-06-17 12:37:30"}
{"level":"info","message":"[Feed RSS] Coincidencia encontrada: Keiko Fujimori vs. Roberto Sánchez: la historia de las segundas vueltas en el Perú marcadas por la polarización y el voto dividido","service":"worker-pipeline","timestamp":"2026-06-17 12:37:30"}
{"level":"info","message":"[Feed RSS] Coincidencia encontrada: Elecciones 2026: consulta qué dijeron Keiko Fujimori y Roberto Sánchez sobre los temas que más dividen al país","service":"worker-pipeline","timestamp":"2026-06-17 12:37:30"}
{"level":"info","message":"[Feed RSS] Coincidencia encontrada: Elecciones 2026: el avance de Juntos por el Perú en los principales distritos productores de oro y cobre","service":"worker-pipeline","timestamp":"2026-06-17 12:37:30"}
{"level":"info","message":"[Feed RSS] Coincidencia encontrada: Las rutas de Keiko Fujimori y Roberto Sánchez: diez gráficos interactivos sobre las regiones y distritos que recorrieron","service":"worker-pipeline","timestamp":"2026-06-17 12:37:30"}
{"level":"info","message":"[Feed RSS] Coincidencia encontrada: Alfonso López Chau: “El fracaso vino porque nos unimos muy tarde”","service":"worker-pipeline","timestamp":"2026-06-17 12:37:30"}
{"level":"info","message":"[Feed RSS] Coincidencia encontrada: JEE declara improcedentes pedidos de Juntos por el Perú que buscaban anular 468 mesas del extranjero","service":"worker-pipeline","timestamp":"2026-06-17 12:37:30"}
{"level":"info","message":"[Feed RSS] Coincidencia encontrada: Enrique Valderrama sobre Sánchez: “Hizo sus proyecciones y ahora (…) comienza a tener estos discursos muy peligrosos, antidemocráticos”","service":"worker-pipeline","timestamp":"2026-06-17 12:37:30"}
{"level":"info","message":"[Feed RSS] Coincidencia encontrada: Walter Ayala, aliado de Roberto Sánchez, presenta una demanda de amparo contra resolución de la ONPE","service":"worker-pipeline","timestamp":"2026-06-17 12:37:30"}
{"level":"info","message":"[Feed RSS] Coincidencia encontrada: Resultados ONPE al 98.627%: Keiko Fujimori y Roberto Sánchez disputan voto a voto la Presidencia del Perú","service":"worker-pipeline","timestamp":"2026-06-17 12:37:30"}
{"level":"info","message":"Consultando feed RSS: https://feeds.bbci.co.uk/news/world/latin_america/rss.xml","service":"worker-pipeline","timestamp":"2026-06-17 12:37:30"}
{"level":"info","message":"Consultando feed RSS: https://www.politico.com/rss/politicopicks.xml","service":"worker-pipeline","timestamp":"2026-06-17 12:37:32"}
{"level":"error","message":"Error procesando feed RSS https://www.politico.com/rss/politicopicks.xml: Request failed with status code 403","service":"worker-pipeline","timestamp":"2026-06-17 12:37:34"}
{"level":"info","message":"Consultando feed RSS: https://www.nytimes.com/svc/collections/v1/publish/https://www.nytimes.com/section/politics/rss.xml","service":"worker-pipeline","timestamp":"2026-06-17 12:37:34"}
{"level":"info","message":"Consultando feed RSS: https://lannews.opennemas.com/rss/politica/","service":"worker-pipeline","timestamp":"2026-06-17 12:37:37"}
{"level":"info","message":"Consultando feed RSS: https://latinamericareports.com/feed/","service":"worker-pipeline","timestamp":"2026-06-17 12:37:39"}
{"level":"info","message":"[Feed RSS] Coincidencia encontrada: Peru’s presidential race remains too close to call as vote count inches forward","service":"worker-pipeline","timestamp":"2026-06-17 12:37:43"}
{"level":"info","message":"[Feed RSS] Coincidencia encontrada: Perú’s Roberto Sánchez carries Pedro Castillo’s sombrero and his political movement","service":"worker-pipeline","timestamp":"2026-06-17 12:37:43"}
{"level":"info","message":"Consultando feed RSS: https://news.un.org/feed/subscribe/es/news/region/americas/feed/rss.xml","service":"worker-pipeline","timestamp":"2026-06-17 12:37:43"}
{"level":"error","message":"Error procesando feed RSS https://news.un.org/feed/subscribe/es/news/region/americas/feed/rss.xml: timeout of 8000ms exceeded","service":"worker-pipeline","timestamp":"2026-06-17 12:37:52"}
{"level":"info","message":"Se encontraron 26 noticias recientes en los Feeds RSS directos para Roberto Sánchez","service":"worker-pipeline","timestamp":"2026-06-17 12:37:52"}
{"level":"info","message":"Buscando noticias en GDELT para: Dina Boluarte entre 2023-01-01 y 2023-02-01","service":"worker-pipeline","timestamp":"2026-06-17 12:53:58"}
{"level":"warn","message":"Error buscando URLs en GDELT para Dina Boluarte: Request failed with status code 429","service":"worker-pipeline","timestamp":"2026-06-17 12:54:11"}
